[Wed Mar 28 15:50:48 2018].314000 CGI Request 1 on process 7864
[Wed Mar 28 15:50:48 2018].314000 msWMSLoadGetMapParams(): enabling non-square pixels.
[Wed Mar 28 15:50:48 2018].314000 msDrawMap(): kicking into non-square pixel preserving mode.
[Wed Mar 28 15:50:48 2018].314000 msDrawMap(): rendering using outputformat named png (AGG/PNG8).
[Wed Mar 28 15:50:48 2018].314000 msDrawMap(): WMS/WFS set-up and query, 0.000s
[Wed Mar 28 15:50:48 2018].346000 msDrawMap(): Layer 0 (lugares), 0.032s
[Wed Mar 28 15:50:48 2018].346000 msDrawMap(): Drawing Label Cache, 0.000s
[Wed Mar 28 15:50:48 2018].346000 msDrawMap() total time: 0.032s
[Wed Mar 28 15:50:48 2018].361000 msSaveImage(stdout) total time: 0.015s
[Wed Mar 28 15:50:48 2018].361000 mapserv request processing time (msLoadMap not incl.): 0.047s
[Wed Mar 28 15:50:48 2018].361000 msFreeMap(): freeing map at 01326278.
[Wed Mar 28 15:51:08 2018].964000 CGI Request 1 on process 9028
[Wed Mar 28 15:51:08 2018].964000 msWMSLoadGetMapParams(): enabling non-square pixels.
[Wed Mar 28 15:51:08 2018].964000 msDrawMap(): kicking into non-square pixel preserving mode.
[Wed Mar 28 15:51:08 2018].964000 msDrawMap(): rendering using outputformat named png (AGG/PNG8).
[Wed Mar 28 15:51:08 2018].964000 msDrawMap(): WMS/WFS set-up and query, 0.000s
[Wed Mar 28 15:51:08 2018].995000 msDrawMap(): Layer 0 (lugares), 0.031s
[Wed Mar 28 15:51:08 2018].995000 msDrawMap(): Drawing Label Cache, 0.000s
[Wed Mar 28 15:51:08 2018].995000 msDrawMap() total time: 0.031s
[Wed Mar 28 15:51:08 2018].995000 msSaveImage(stdout) total time: 0.000s
[Wed Mar 28 15:51:08 2018].995000 mapserv request processing time (msLoadMap not incl.): 0.031s
[Wed Mar 28 15:51:08 2018].995000 msFreeMap(): freeing map at 00746278.
[Wed Mar 28 15:51:09 2018].902000 CGI Request 1 on process 8528
[Wed Mar 28 15:51:09 2018].902000 msWMSLoadGetMapParams(): enabling non-square pixels.
[Wed Mar 28 15:51:09 2018].902000 msDrawMap(): kicking into non-square pixel preserving mode.
[Wed Mar 28 15:51:09 2018].902000 msDrawMap(): rendering using outputformat named png (AGG/PNG8).
[Wed Mar 28 15:51:09 2018].902000 msDrawMap(): WMS/WFS set-up and query, 0.000s
[Wed Mar 28 15:51:09 2018].933000 msDrawMap(): Layer 0 (lugares), 0.031s
[Wed Mar 28 15:51:09 2018].933000 msDrawMap(): Drawing Label Cache, 0.000s
[Wed Mar 28 15:51:09 2018].933000 msDrawMap() total time: 0.031s
[Wed Mar 28 15:51:09 2018].933000 msSaveImage(stdout) total time: 0.000s
[Wed Mar 28 15:51:09 2018].933000 mapserv request processing time (msLoadMap not incl.): 0.031s
[Wed Mar 28 15:51:09 2018].933000 msFreeMap(): freeing map at 00B36278.
[Wed Mar 28 15:51:20 2018].889000 CGI Request 1 on process 6628
[Wed Mar 28 15:51:20 2018].889000 msDrawMap(): rendering using outputformat named png (AGG/PNG8).
[Wed Mar 28 15:51:20 2018].889000 msDrawMap(): WMS/WFS set-up and query, 0.000s
[Wed Mar 28 15:51:20 2018].967000 msDrawMap(): Layer 0 (lugares), 0.078s
[Wed Mar 28 15:51:20 2018].967000 msDrawMap(): Drawing Label Cache, 0.000s
[Wed Mar 28 15:51:20 2018].967000 msDrawMap() total time: 0.078s
[Wed Mar 28 15:51:21 2018].14000 msSaveImage(stdout) total time: 0.047s
[Wed Mar 28 15:51:21 2018].14000 mapserv request processing time (msLoadMap not incl.): 0.125s
[Wed Mar 28 15:51:21 2018].14000 msFreeMap(): freeing map at 008F7A20.
[Wed Mar 28 15:51:21 2018].358000 CGI Request 1 on process 3300
[Wed Mar 28 15:51:21 2018].358000 msDrawMap(): rendering using outputformat named png (AGG/PNG8).
[Wed Mar 28 15:51:21 2018].358000 msDrawMap(): WMS/WFS set-up and query, 0.000s
[Wed Mar 28 15:51:21 2018].389000 msDrawMap(): Layer 0 (lugares), 0.031s
[Wed Mar 28 15:51:21 2018].389000 msDrawMap(): Drawing Label Cache, 0.000s
[Wed Mar 28 15:51:21 2018].389000 msDrawMap() total time: 0.031s
[Wed Mar 28 15:51:21 2018].404000 msSaveImage(stdout) total time: 0.015s
[Wed Mar 28 15:51:21 2018].404000 mapserv request processing time (msLoadMap not incl.): 0.046s
[Wed Mar 28 15:51:21 2018].404000 msFreeMap(): freeing map at 00BC7898.
[Wed Mar 28 15:51:36 2018].36000 CGI Request 1 on process 9264
[Wed Mar 28 15:51:36 2018].67000 msQueryByPoint(): Search returned no results. No matching record(s) found.
[Wed Mar 28 15:51:36 2018].67000 mapserv request processing time (msLoadMap not incl.): 0.031s
[Wed Mar 28 15:51:36 2018].67000 msFreeMap(): freeing map at 009D54D8.
[Wed Mar 28 15:53:34 2018].285000 CGI Request 1 on process 6680
[Wed Mar 28 15:53:34 2018].285000 msWMSLoadGetMapParams(): enabling non-square pixels.
[Wed Mar 28 15:53:34 2018].285000 msDrawMap(): kicking into non-square pixel preserving mode.
[Wed Mar 28 15:53:34 2018].285000 msDrawMap(): rendering using outputformat named png (AGG/PNG8).
[Wed Mar 28 15:53:34 2018].285000 msDrawMap(): WMS/WFS set-up and query, 0.000s
[Wed Mar 28 15:53:34 2018].363000 msDrawMap(): Layer 0 (lugares), 0.078s
[Wed Mar 28 15:53:34 2018].363000 msDrawMap(): Drawing Label Cache, 0.000s
[Wed Mar 28 15:53:34 2018].363000 msDrawMap() total time: 0.078s
[Wed Mar 28 15:53:34 2018].363000 msSaveImage(stdout) total time: 0.000s
[Wed Mar 28 15:53:34 2018].363000 mapserv request processing time (msLoadMap not incl.): 0.078s
[Wed Mar 28 15:53:34 2018].363000 msFreeMap(): freeing map at 01136130.
[Wed Mar 28 15:53:44 2018].991000 CGI Request 1 on process 8088
[Wed Mar 28 15:53:44 2018].991000 msDrawMap(): rendering using outputformat named png (AGG/PNG8).
[Wed Mar 28 15:53:44 2018].991000 msDrawMap(): WMS/WFS set-up and query, 0.000s
[Wed Mar 28 15:53:45 2018].22000 msDrawMap(): Layer 0 (lugares), 0.031s
[Wed Mar 28 15:53:45 2018].38000 msDrawMap(): Drawing Label Cache, 0.016s
[Wed Mar 28 15:53:45 2018].38000 msDrawMap() total time: 0.047s
[Wed Mar 28 15:53:45 2018].85000 msSaveImage(stdout) total time: 0.047s
[Wed Mar 28 15:53:45 2018].85000 mapserv request processing time (msLoadMap not incl.): 0.094s
[Wed Mar 28 15:53:45 2018].85000 msFreeMap(): freeing map at 00557A20.
[Wed Mar 28 15:53:45 2018].100000 CGI Request 1 on process 8688
[Wed Mar 28 15:53:45 2018].100000 msDrawMap(): rendering using outputformat named png (AGG/PNG8).
[Wed Mar 28 15:53:45 2018].100000 msDrawMap(): WMS/WFS set-up and query, 0.000s
[Wed Mar 28 15:53:45 2018].147000 msDrawMap(): Layer 0 (lugares), 0.047s
[Wed Mar 28 15:53:45 2018].147000 msDrawMap(): Drawing Label Cache, 0.000s
[Wed Mar 28 15:53:45 2018].147000 msDrawMap() total time: 0.047s
[Wed Mar 28 15:53:45 2018].147000 msSaveImage(stdout) total time: 0.000s
[Wed Mar 28 15:53:45 2018].147000 mapserv request processing time (msLoadMap not incl.): 0.047s
[Wed Mar 28 15:53:45 2018].147000 msFreeMap(): freeing map at 00D17898.
[Wed Mar 28 15:53:51 2018].117000 CGI Request 1 on process 7388
[Wed Mar 28 15:53:51 2018].164000 mapserv request processing time (msLoadMap not incl.): 0.047s
[Wed Mar 28 15:53:51 2018].164000 msFreeMap(): freeing map at 013154D8.
[Wed Mar 28 15:54:55 2018].738000 CGI Request 1 on process 6396
[Wed Mar 28 15:54:55 2018].769000 msQueryByPoint(): Search returned no results. No matching record(s) found.
[Wed Mar 28 15:54:55 2018].785000 mapserv request processing time (msLoadMap not incl.): 0.047s
[Wed Mar 28 15:54:55 2018].785000 msFreeMap(): freeing map at 009554D8.
[Wed Mar 28 15:54:59 2018].113000 CGI Request 1 on process 8456
[Wed Mar 28 15:54:59 2018].113000 msDrawMap(): rendering using outputformat named png (AGG/PNG8).
[Wed Mar 28 15:54:59 2018].113000 msDrawMap(): WMS/WFS set-up and query, 0.000s
[Wed Mar 28 15:54:59 2018].145000 msDrawMap(): Layer 0 (lugares), 0.032s
[Wed Mar 28 15:54:59 2018].145000 msDrawMap(): Drawing Label Cache, 0.000s
[Wed Mar 28 15:54:59 2018].145000 msDrawMap() total time: 0.032s
[Wed Mar 28 15:54:59 2018].192000 msSaveImage(stdout) total time: 0.047s
[Wed Mar 28 15:54:59 2018].192000 mapserv request processing time (msLoadMap not incl.): 0.079s
[Wed Mar 28 15:54:59 2018].192000 msFreeMap(): freeing map at 00527A20.
[Wed Mar 28 15:54:59 2018].223000 CGI Request 1 on process 9528
[Wed Mar 28 15:54:59 2018].223000 msDrawMap(): rendering using outputformat named png (AGG/PNG8).
[Wed Mar 28 15:54:59 2018].223000 msDrawMap(): WMS/WFS set-up and query, 0.000s
[Wed Mar 28 15:54:59 2018].254000 msDrawMap(): Layer 0 (lugares), 0.031s
[Wed Mar 28 15:54:59 2018].270000 msDrawMap(): Drawing Label Cache, 0.016s
[Wed Mar 28 15:54:59 2018].270000 msDrawMap() total time: 0.047s
[Wed Mar 28 15:54:59 2018].270000 msSaveImage(stdout) total time: 0.000s
[Wed Mar 28 15:54:59 2018].270000 mapserv request processing time (msLoadMap not incl.): 0.047s
[Wed Mar 28 15:54:59 2018].270000 msFreeMap(): freeing map at 00407898.
[Wed Mar 28 15:55:02 2018].926000 CGI Request 1 on process 2284
[Wed Mar 28 15:55:02 2018].926000 msDrawMap(): rendering using outputformat named png (AGG/PNG8).
[Wed Mar 28 15:55:02 2018].926000 msDrawMap(): WMS/WFS set-up and query, 0.000s
[Wed Mar 28 15:55:02 2018].989000 msDrawMap(): Layer 0 (lugares), 0.063s
[Wed Mar 28 15:55:03 2018].4000 msDrawMap(): Drawing Label Cache, 0.015s
[Wed Mar 28 15:55:03 2018].4000 msDrawMap() total time: 0.078s
[Wed Mar 28 15:55:03 2018].51000 msSaveImage(stdout) total time: 0.047s
[Wed Mar 28 15:55:03 2018].51000 mapserv request processing time (msLoadMap not incl.): 0.125s
[Wed Mar 28 15:55:03 2018].51000 msFreeMap(): freeing map at 00487A20.
[Wed Mar 28 15:55:06 2018].192000 CGI Request 1 on process 9692
[Wed Mar 28 15:55:06 2018].192000 msDrawMap(): rendering using outputformat named png (AGG/PNG8).
[Wed Mar 28 15:55:06 2018].192000 msDrawMap(): WMS/WFS set-up and query, 0.000s
[Wed Mar 28 15:55:06 2018].255000 msDrawMap(): Layer 0 (lugares), 0.063s
[Wed Mar 28 15:55:06 2018].271000 msDrawMap(): Drawing Label Cache, 0.016s
[Wed Mar 28 15:55:06 2018].271000 msDrawMap() total time: 0.079s
[Wed Mar 28 15:55:06 2018].318000 msSaveImage(stdout) total time: 0.047s
[Wed Mar 28 15:55:06 2018].318000 mapserv request processing time (msLoadMap not incl.): 0.126s
[Wed Mar 28 15:55:06 2018].318000 msFreeMap(): freeing map at 00457920.
[Wed Mar 28 15:55:07 2018].271000 CGI Request 1 on process 3272
[Wed Mar 28 15:55:07 2018].271000 msDrawMap(): rendering using outputformat named png (AGG/PNG8).
[Wed Mar 28 15:55:07 2018].271000 msDrawMap(): WMS/WFS set-up and query, 0.000s
[Wed Mar 28 15:55:07 2018].302000 msDrawMap(): Layer 0 (lugares), 0.031s
[Wed Mar 28 15:55:07 2018].318000 msDrawMap(): Drawing Label Cache, 0.016s
[Wed Mar 28 15:55:07 2018].318000 msDrawMap() total time: 0.047s
[Wed Mar 28 15:55:07 2018].364000 msSaveImage(stdout) total time: 0.046s
[Wed Mar 28 15:55:07 2018].364000 mapserv request processing time (msLoadMap not incl.): 0.093s
[Wed Mar 28 15:55:07 2018].364000 msFreeMap(): freeing map at 00ED79D0.
[Wed Mar 28 15:55:12 2018].131000 CGI Request 1 on process 8880
[Wed Mar 28 15:55:12 2018].178000 mapserv request processing time (msLoadMap not incl.): 0.047s
[Wed Mar 28 15:55:12 2018].178000 msFreeMap(): freeing map at 012F5400.
[Wed Mar 28 15:55:48 2018].483000 CGI Request 1 on process 1576
[Wed Mar 28 15:55:48 2018].514000 mapserv request processing time (msLoadMap not incl.): 0.031s
[Wed Mar 28 15:55:48 2018].514000 msFreeMap(): freeing map at 00F95400.
[Wed Mar 28 16:21:23 2018].840000 CGI Request 1 on process 7964
[Wed Mar 28 16:21:23 2018].840000 msDrawMap(): rendering using outputformat named png (AGG/PNG8).
[Wed Mar 28 16:21:23 2018].840000 msDrawMap(): WMS/WFS set-up and query, 0.000s
[Wed Mar 28 16:21:23 2018].918000 msDrawMap(): Layer 0 (lugares), 0.078s
[Wed Mar 28 16:21:23 2018].933000 msDrawMap(): Drawing Label Cache, 0.015s
[Wed Mar 28 16:21:23 2018].933000 msDrawMap() total time: 0.093s
[Wed Mar 28 16:21:23 2018].949000 msSaveImage(stdout) total time: 0.016s
[Wed Mar 28 16:21:23 2018].949000 mapserv request processing time (msLoadMap not incl.): 0.109s
[Wed Mar 28 16:21:23 2018].949000 msFreeMap(): freeing map at 00F377A0.
[Wed Mar 28 16:21:23 2018].777000 CGI Request 1 on process 8232
[Wed Mar 28 16:21:23 2018].777000 msDrawMap(): rendering using outputformat named png (AGG/PNG8).
[Wed Mar 28 16:21:23 2018].777000 msDrawMap(): WMS/WFS set-up and query, 0.000s
[Wed Mar 28 16:21:23 2018].918000 msDrawMap(): Layer 0 (lugares), 0.141s
[Wed Mar 28 16:21:23 2018].949000 msDrawMap(): Drawing Label Cache, 0.031s
[Wed Mar 28 16:21:23 2018].949000 msDrawMap() total time: 0.172s
[Wed Mar 28 16:21:23 2018].980000 msSaveImage(stdout) total time: 0.031s
[Wed Mar 28 16:21:23 2018].980000 mapserv request processing time (msLoadMap not incl.): 0.203s
[Wed Mar 28 16:21:23 2018].980000 msFreeMap(): freeing map at 004D7A28.
